2022-08-03 22:36:35.549 INFO  com.jiawa.wiki.WikiApplication                    :55   [32m                  [0;39m Starting WikiApplication using Java 1.8.0_201 on LAPTOP-6TI7EMHN with PID 81908 (D:\ideacodespace\wiki\target\classes started by wumian in D:\ideacodespace\wiki)
2022-08-03 22:36:35.569 INFO  com.jiawa.wiki.WikiApplication                    :660  [32m                  [0;39m No active profile set, falling back to default profiles: default
2022-08-03 22:36:35.635 INFO  o.s.b.d.env.DevToolsPropertyDefaultsPostProcessor :255  [32m                  [0;39m Devtools property defaults active! Set 'spring.devtools.add-properties' to 'false' to disable
2022-08-03 22:36:35.636 INFO  o.s.b.d.env.DevToolsPropertyDefaultsPostProcessor :255  [32m                  [0;39m For additional web related logging consider setting the 'logging.level.web' property to 'DEBUG'
2022-08-03 22:36:36.728 INFO  o.s.boot.web.embedded.tomcat.TomcatWebServer      :108  [32m                  [0;39m Tomcat initialized with port(s): 8080 (http)
2022-08-03 22:36:36.740 INFO  org.apache.coyote.http11.Http11NioProtocol        :173  [32m                  [0;39m Initializing ProtocolHandler ["http-nio-8080"]
2022-08-03 22:36:36.741 INFO  org.apache.catalina.core.StandardService          :173  [32m                  [0;39m Starting service [Tomcat]
2022-08-03 22:36:36.741 INFO  org.apache.catalina.core.StandardEngine           :173  [32m                  [0;39m Starting Servlet engine: [Apache Tomcat/9.0.39]
2022-08-03 22:36:36.745 INFO  org.apache.catalina.core.AprLifecycleListener     :173  [32m                  [0;39m Loaded Apache Tomcat Native library [1.2.31] using APR version [1.7.0].
2022-08-03 22:36:36.745 INFO  org.apache.catalina.core.AprLifecycleListener     :173  [32m                  [0;39m APR capabilities: IPv6 [true], sendfile [true], accept filters [false], random [true].
2022-08-03 22:36:36.746 INFO  org.apache.catalina.core.AprLifecycleListener     :173  [32m                  [0;39m APR/OpenSSL configuration: useAprConnector [false], useOpenSSL [true]
2022-08-03 22:36:36.770 INFO  org.apache.catalina.core.AprLifecycleListener     :173  [32m                  [0;39m OpenSSL successfully initialized [OpenSSL 1.1.1l  24 Aug 2021]
2022-08-03 22:36:36.868 INFO  o.a.c.core.ContainerBase.[Tomcat].[localhost].[/] :173  [32m                  [0;39m Initializing Spring embedded WebApplicationContext
2022-08-03 22:36:36.869 INFO  o.s.b.w.s.c.ServletWebServerApplicationContext    :289  [32m                  [0;39m Root WebApplicationContext: initialization completed in 1232 ms
2022-08-03 22:36:37.349 INFO  o.s.scheduling.concurrent.ThreadPoolTaskExecutor  :181  [32m                  [0;39m Initializing ExecutorService 'applicationTaskExecutor'
2022-08-03 22:36:37.607 INFO  o.s.b.d.autoconfigure.OptionalLiveReloadServer    :58   [32m                  [0;39m LiveReload server is running on port 35729
2022-08-03 22:36:37.615 INFO  org.apache.coyote.http11.Http11NioProtocol        :173  [32m                  [0;39m Starting ProtocolHandler ["http-nio-8080"]
2022-08-03 22:36:37.630 INFO  o.s.boot.web.embedded.tomcat.TomcatWebServer      :220  [32m                  [0;39m Tomcat started on port(s): 8080 (http) with context path ''
2022-08-03 22:36:37.639 INFO  com.jiawa.wiki.WikiApplication                    :61   [32m                  [0;39m Started WikiApplication in 2.554 seconds (JVM running for 3.506)
2022-08-03 22:36:37.641 INFO  com.jiawa.wiki.WikiApplication                    :18   [32m                  [0;39m 启动成功
2022-08-03 22:36:37.641 INFO  com.jiawa.wiki.WikiApplication                    :19   [32m                  [0;39m 地址：	http://127.0.0.1:8080
2022-08-03 22:36:40.975 INFO  o.a.c.core.ContainerBase.[Tomcat].[localhost].[/] :173  [32m                  [0;39m Initializing Spring DispatcherServlet 'dispatcherServlet'
2022-08-03 22:36:40.977 INFO  org.springframework.web.servlet.DispatcherServlet :525  [32m                  [0;39m Initializing Servlet 'dispatcherServlet'
2022-08-03 22:36:40.978 INFO  org.springframework.web.servlet.DispatcherServlet :547  [32m                  [0;39m Completed initialization in 1 ms
2022-08-03 22:36:41.005 INFO  com.zaxxer.hikari.HikariDataSource                :110  [32m                  [0;39m HikariPool-1 - Starting...
2022-08-03 22:36:41.627 INFO  com.zaxxer.hikari.HikariDataSource                :123  [32m                  [0;39m HikariPool-1 - Start completed.
2022-08-03 22:40:00.126 INFO  o.s.scheduling.concurrent.ThreadPoolTaskExecutor  :218  [32m                  [0;39m Shutting down ExecutorService 'applicationTaskExecutor'
2022-08-03 22:40:00.129 INFO  com.zaxxer.hikari.HikariDataSource                :350  [32m                  [0;39m HikariPool-1 - Shutdown initiated...
2022-08-03 22:40:00.145 INFO  com.zaxxer.hikari.HikariDataSource                :352  [32m                  [0;39m HikariPool-1 - Shutdown completed.
2022-08-03 22:40:00.347 INFO  com.jiawa.wiki.WikiApplication                    :55   [32m                  [0;39m Starting WikiApplication using Java 1.8.0_201 on LAPTOP-6TI7EMHN with PID 81908 (D:\ideacodespace\wiki\target\classes started by wumian in D:\ideacodespace\wiki)
2022-08-03 22:40:00.347 INFO  com.jiawa.wiki.WikiApplication                    :660  [32m                  [0;39m No active profile set, falling back to default profiles: default
2022-08-03 22:40:00.564 INFO  o.s.boot.web.embedded.tomcat.TomcatWebServer      :108  [32m                  [0;39m Tomcat initialized with port(s): 8080 (http)
2022-08-03 22:40:00.564 INFO  org.apache.coyote.http11.Http11NioProtocol        :173  [32m                  [0;39m Initializing ProtocolHandler ["http-nio-8080"]
2022-08-03 22:40:00.565 INFO  org.apache.catalina.core.StandardService          :173  [32m                  [0;39m Starting service [Tomcat]
2022-08-03 22:40:00.565 INFO  org.apache.catalina.core.StandardEngine           :173  [32m                  [0;39m Starting Servlet engine: [Apache Tomcat/9.0.39]
2022-08-03 22:40:00.565 INFO  org.apache.catalina.core.AprLifecycleListener     :173  [32m                  [0;39m Loaded Apache Tomcat Native library [1.2.31] using APR version [1.7.0].
2022-08-03 22:40:00.565 INFO  org.apache.catalina.core.AprLifecycleListener     :173  [32m                  [0;39m APR capabilities: IPv6 [true], sendfile [true], accept filters [false], random [true].
2022-08-03 22:40:00.565 INFO  org.apache.catalina.core.AprLifecycleListener     :173  [32m                  [0;39m APR/OpenSSL configuration: useAprConnector [false], useOpenSSL [true]
2022-08-03 22:40:00.565 INFO  org.apache.catalina.core.AprLifecycleListener     :173  [32m                  [0;39m OpenSSL successfully initialized [OpenSSL 1.1.1l  24 Aug 2021]
2022-08-03 22:40:00.581 INFO  o.a.c.core.ContainerBase.[Tomcat].[localhost].[/] :173  [32m                  [0;39m Initializing Spring embedded WebApplicationContext
2022-08-03 22:40:00.582 INFO  o.s.b.w.s.c.ServletWebServerApplicationContext    :289  [32m                  [0;39m Root WebApplicationContext: initialization completed in 231 ms
2022-08-03 22:40:00.649 INFO  o.s.scheduling.concurrent.ThreadPoolTaskExecutor  :181  [32m                  [0;39m Initializing ExecutorService 'applicationTaskExecutor'
2022-08-03 22:40:00.689 INFO  o.s.b.d.autoconfigure.OptionalLiveReloadServer    :58   [32m                  [0;39m LiveReload server is running on port 35729
2022-08-03 22:40:00.694 INFO  org.apache.coyote.http11.Http11NioProtocol        :173  [32m                  [0;39m Starting ProtocolHandler ["http-nio-8080"]
2022-08-03 22:40:00.699 INFO  o.s.boot.web.embedded.tomcat.TomcatWebServer      :220  [32m                  [0;39m Tomcat started on port(s): 8080 (http) with context path ''
2022-08-03 22:40:00.703 INFO  com.jiawa.wiki.WikiApplication                    :61   [32m                  [0;39m Started WikiApplication in 0.397 seconds (JVM running for 206.569)
2022-08-03 22:40:00.704 INFO  o.s.b.d.a.ConditionEvaluationDeltaLoggingListener :63   [32m                  [0;39m Condition evaluation unchanged
2022-08-03 22:40:00.705 INFO  com.jiawa.wiki.WikiApplication                    :18   [32m                  [0;39m 启动成功
2022-08-03 22:40:00.706 INFO  com.jiawa.wiki.WikiApplication                    :19   [32m                  [0;39m 地址：	http://127.0.0.1:8080
2022-08-03 22:40:09.553 INFO  o.s.scheduling.concurrent.ThreadPoolTaskExecutor  :218  [32m                  [0;39m Shutting down ExecutorService 'applicationTaskExecutor'
2022-08-03 22:40:09.688 INFO  com.jiawa.wiki.WikiApplication                    :55   [32m                  [0;39m Starting WikiApplication using Java 1.8.0_201 on LAPTOP-6TI7EMHN with PID 81908 (D:\ideacodespace\wiki\target\classes started by wumian in D:\ideacodespace\wiki)
2022-08-03 22:40:09.689 INFO  com.jiawa.wiki.WikiApplication                    :660  [32m                  [0;39m No active profile set, falling back to default profiles: default
2022-08-03 22:40:09.818 INFO  o.s.boot.web.embedded.tomcat.TomcatWebServer      :108  [32m                  [0;39m Tomcat initialized with port(s): 8080 (http)
2022-08-03 22:40:09.818 INFO  org.apache.coyote.http11.Http11NioProtocol        :173  [32m                  [0;39m Initializing ProtocolHandler ["http-nio-8080"]
2022-08-03 22:40:09.818 INFO  org.apache.catalina.core.StandardService          :173  [32m                  [0;39m Starting service [Tomcat]
2022-08-03 22:40:09.819 INFO  org.apache.catalina.core.StandardEngine           :173  [32m                  [0;39m Starting Servlet engine: [Apache Tomcat/9.0.39]
2022-08-03 22:40:09.819 INFO  org.apache.catalina.core.AprLifecycleListener     :173  [32m                  [0;39m Loaded Apache Tomcat Native library [1.2.31] using APR version [1.7.0].
2022-08-03 22:40:09.819 INFO  org.apache.catalina.core.AprLifecycleListener     :173  [32m                  [0;39m APR capabilities: IPv6 [true], sendfile [true], accept filters [false], random [true].
2022-08-03 22:40:09.819 INFO  org.apache.catalina.core.AprLifecycleListener     :173  [32m                  [0;39m APR/OpenSSL configuration: useAprConnector [false], useOpenSSL [true]
2022-08-03 22:40:09.819 INFO  org.apache.catalina.core.AprLifecycleListener     :173  [32m                  [0;39m OpenSSL successfully initialized [OpenSSL 1.1.1l  24 Aug 2021]
2022-08-03 22:40:09.838 INFO  o.a.c.core.ContainerBase.[Tomcat].[localhost].[/] :173  [32m                  [0;39m Initializing Spring embedded WebApplicationContext
2022-08-03 22:40:09.839 INFO  o.s.b.w.s.c.ServletWebServerApplicationContext    :289  [32m                  [0;39m Root WebApplicationContext: initialization completed in 149 ms
2022-08-03 22:40:09.886 INFO  o.s.scheduling.concurrent.ThreadPoolTaskExecutor  :181  [32m                  [0;39m Initializing ExecutorService 'applicationTaskExecutor'
2022-08-03 22:40:09.913 INFO  o.s.b.d.autoconfigure.OptionalLiveReloadServer    :58   [32m                  [0;39m LiveReload server is running on port 35729
2022-08-03 22:40:09.916 INFO  org.apache.coyote.http11.Http11NioProtocol        :173  [32m                  [0;39m Starting ProtocolHandler ["http-nio-8080"]
2022-08-03 22:40:09.921 INFO  o.s.boot.web.embedded.tomcat.TomcatWebServer      :220  [32m                  [0;39m Tomcat started on port(s): 8080 (http) with context path ''
2022-08-03 22:40:09.924 INFO  com.jiawa.wiki.WikiApplication                    :61   [32m                  [0;39m Started WikiApplication in 0.26 seconds (JVM running for 215.791)
2022-08-03 22:40:09.925 INFO  o.s.b.d.a.ConditionEvaluationDeltaLoggingListener :63   [32m                  [0;39m Condition evaluation unchanged
2022-08-03 22:40:09.925 INFO  com.jiawa.wiki.WikiApplication                    :18   [32m                  [0;39m 启动成功
2022-08-03 22:40:09.926 INFO  com.jiawa.wiki.WikiApplication                    :19   [32m                  [0;39m 地址：	http://127.0.0.1:8080
2022-08-03 22:40:33.942 INFO  o.s.scheduling.concurrent.ThreadPoolTaskExecutor  :218  [32m                  [0;39m Shutting down ExecutorService 'applicationTaskExecutor'
2022-08-03 22:40:34.047 INFO  com.jiawa.wiki.WikiApplication                    :55   [32m                  [0;39m Starting WikiApplication using Java 1.8.0_201 on LAPTOP-6TI7EMHN with PID 81908 (D:\ideacodespace\wiki\target\classes started by wumian in D:\ideacodespace\wiki)
2022-08-03 22:40:34.048 INFO  com.jiawa.wiki.WikiApplication                    :660  [32m                  [0;39m No active profile set, falling back to default profiles: default
2022-08-03 22:40:34.190 INFO  o.s.boot.web.embedded.tomcat.TomcatWebServer      :108  [32m                  [0;39m Tomcat initialized with port(s): 8080 (http)
2022-08-03 22:40:34.191 INFO  org.apache.coyote.http11.Http11NioProtocol        :173  [32m                  [0;39m Initializing ProtocolHandler ["http-nio-8080"]
2022-08-03 22:40:34.191 INFO  org.apache.catalina.core.StandardService          :173  [32m                  [0;39m Starting service [Tomcat]
2022-08-03 22:40:34.191 INFO  org.apache.catalina.core.StandardEngine           :173  [32m                  [0;39m Starting Servlet engine: [Apache Tomcat/9.0.39]
2022-08-03 22:40:34.191 INFO  org.apache.catalina.core.AprLifecycleListener     :173  [32m                  [0;39m Loaded Apache Tomcat Native library [1.2.31] using APR version [1.7.0].
2022-08-03 22:40:34.191 INFO  org.apache.catalina.core.AprLifecycleListener     :173  [32m                  [0;39m APR capabilities: IPv6 [true], sendfile [true], accept filters [false], random [true].
2022-08-03 22:40:34.191 INFO  org.apache.catalina.core.AprLifecycleListener     :173  [32m                  [0;39m APR/OpenSSL configuration: useAprConnector [false], useOpenSSL [true]
2022-08-03 22:40:34.192 INFO  org.apache.catalina.core.AprLifecycleListener     :173  [32m                  [0;39m OpenSSL successfully initialized [OpenSSL 1.1.1l  24 Aug 2021]
2022-08-03 22:40:34.205 INFO  o.a.c.core.ContainerBase.[Tomcat].[localhost].[/] :173  [32m                  [0;39m Initializing Spring embedded WebApplicationContext
2022-08-03 22:40:34.205 INFO  o.s.b.w.s.c.ServletWebServerApplicationContext    :289  [32m                  [0;39m Root WebApplicationContext: initialization completed in 156 ms
2022-08-03 22:40:34.245 INFO  o.s.scheduling.concurrent.ThreadPoolTaskExecutor  :181  [32m                  [0;39m Initializing ExecutorService 'applicationTaskExecutor'
2022-08-03 22:40:34.277 INFO  o.s.b.d.autoconfigure.OptionalLiveReloadServer    :58   [32m                  [0;39m LiveReload server is running on port 35729
2022-08-03 22:40:34.281 INFO  org.apache.coyote.http11.Http11NioProtocol        :173  [32m                  [0;39m Starting ProtocolHandler ["http-nio-8080"]
2022-08-03 22:40:34.289 INFO  o.s.boot.web.embedded.tomcat.TomcatWebServer      :220  [32m                  [0;39m Tomcat started on port(s): 8080 (http) with context path ''
2022-08-03 22:40:34.293 INFO  com.jiawa.wiki.WikiApplication                    :61   [32m                  [0;39m Started WikiApplication in 0.269 seconds (JVM running for 240.16)
2022-08-03 22:40:34.294 INFO  o.s.b.d.a.ConditionEvaluationDeltaLoggingListener :63   [32m                  [0;39m Condition evaluation unchanged
2022-08-03 22:40:34.295 INFO  com.jiawa.wiki.WikiApplication                    :18   [32m                  [0;39m 启动成功
2022-08-03 22:40:34.295 INFO  com.jiawa.wiki.WikiApplication                    :19   [32m                  [0;39m 地址：	http://127.0.0.1:8080
2022-08-03 22:41:27.057 INFO  o.a.c.core.ContainerBase.[Tomcat].[localhost].[/] :173  [32m                  [0;39m Initializing Spring DispatcherServlet 'dispatcherServlet'
2022-08-03 22:41:27.073 INFO  org.springframework.web.servlet.DispatcherServlet :525  [32m                  [0;39m Initializing Servlet 'dispatcherServlet'
2022-08-03 22:41:27.101 INFO  org.springframework.web.servlet.DispatcherServlet :547  [32m                  [0;39m Completed initialization in 28 ms
2022-08-03 22:41:27.139 INFO  com.zaxxer.hikari.HikariDataSource                :110  [32m                  [0;39m HikariPool-2 - Starting...
2022-08-03 22:41:27.419 INFO  com.zaxxer.hikari.HikariDataSource                :123  [32m                  [0;39m HikariPool-2 - Start completed.
